2020-06-16 12:24:48,044 :INFO :getusername :Username entered
2020-06-16 12:24:48,213 :INFO :getpassword :Password entered
2020-06-16 12:24:57,032 :INFO :signinbutton :Clicked on Sign in button
2020-06-16 12:25:00,118 :INFO :test_login :logged in successful
2020-06-16 12:25:00,675 :ERROR :clickonRecordstab :Message: invalid argument: 'value' must be a string
  (Session info: chrome=80.0.3987.149)
  (Driver info: chromedriver=2.44.609538 (b655c5a60b0b544917107a59d4153d4bf78e1b90),platform=Windows NT 10.0.17763 x86_64)

2020-06-16 12:25:03,690 :INFO :test_clickrecordstab :failed to click on records tab
2020-06-16 12:27:34,608 :INFO :getusername :Username entered
2020-06-16 12:27:34,784 :INFO :getpassword :Password entered
2020-06-16 12:27:41,433 :INFO :signinbutton :Clicked on Sign in button
2020-06-16 12:27:44,566 :INFO :test_login :logged in successful
2020-06-16 12:27:45,639 :INFO :clickonRecordstab :Clicked on Records Tab
2020-06-16 12:27:48,654 :INFO :test_clickrecordstab :Navigated to records Tab
2020-06-16 13:00:46,288 :INFO :getusername :Username entered
2020-06-16 13:00:46,447 :INFO :getpassword :Password entered
2020-06-16 13:01:29,792 :INFO :signinbutton :Clicked on Sign in button
2020-06-16 13:01:32,801 :INFO :test_login :logged in successful
2020-06-16 13:01:33,176 :INFO :clickonRecordstab :Clicked on Records Tab
2020-06-16 13:01:36,183 :INFO :test_clickrecordstab :failed to click on records tab
2020-06-16 13:01:36,373 :ERROR :clickonorderreq :Message: invalid argument: 'value' must be a string
  (Session info: chrome=80.0.3987.149)
  (Driver info: chromedriver=2.44.609538 (b655c5a60b0b544917107a59d4153d4bf78e1b90),platform=Windows NT 10.0.17763 x86_64)

2020-06-16 13:02:04,460 :INFO :getusername :Username entered
2020-06-16 13:02:04,647 :INFO :getpassword :Password entered
2020-06-16 13:02:24,885 :INFO :signinbutton :Clicked on Sign in button
2020-06-16 13:02:27,892 :INFO :test_login :logged in successful
2020-06-16 13:02:28,509 :INFO :clickonRecordstab :Clicked on Records Tab
2020-06-16 13:02:32,467 :INFO :test_clickrecordstab :Navigated to records Tab
2020-06-16 13:02:32,804 :ERROR :clickonorderreq :Message: invalid argument: 'value' must be a string
  (Session info: chrome=80.0.3987.149)
  (Driver info: chromedriver=2.44.609538 (b655c5a60b0b544917107a59d4153d4bf78e1b90),platform=Windows NT 10.0.17763 x86_64)

2020-06-16 13:04:15,513 :INFO :getusername :Username entered
2020-06-16 13:04:15,694 :INFO :getpassword :Password entered
2020-06-16 13:04:41,216 :INFO :signinbutton :Clicked on Sign in button
2020-06-16 13:04:44,224 :INFO :test_login :logged in successful
2020-06-16 13:04:44,598 :INFO :clickonRecordstab :Clicked on Records Tab
2020-06-16 13:04:47,605 :INFO :test_clickrecordstab :Navigated to records Tab
2020-06-16 13:04:47,824 :ERROR :clickonorderreq :Message: invalid argument: 'value' must be a string
  (Session info: chrome=80.0.3987.149)
  (Driver info: chromedriver=2.44.609538 (b655c5a60b0b544917107a59d4153d4bf78e1b90),platform=Windows NT 10.0.17763 x86_64)

2020-06-16 13:06:41,025 :INFO :getusername :Username entered
2020-06-16 13:06:41,170 :INFO :getpassword :Password entered
2020-06-16 13:07:30,698 :INFO :signinbutton :Clicked on Sign in button
2020-06-16 13:07:33,710 :INFO :test_login :logged in successful
2020-06-16 13:07:34,115 :INFO :clickonRecordstab :Clicked on Records Tab
2020-06-16 13:07:37,121 :INFO :test_clickrecordstab :failed to click on records tab
2020-06-16 13:07:37,307 :ERROR :clickonorderreq :Message: invalid argument: 'value' must be a string
  (Session info: chrome=80.0.3987.149)
  (Driver info: chromedriver=2.44.609538 (b655c5a60b0b544917107a59d4153d4bf78e1b90),platform=Windows NT 10.0.17763 x86_64)

2020-06-16 13:09:10,654 :INFO :getusername :Username entered
2020-06-16 13:09:10,774 :INFO :getpassword :Password entered
2020-06-16 13:09:20,845 :INFO :signinbutton :Clicked on Sign in button
2020-06-16 13:09:23,947 :INFO :test_login :logged in successful
2020-06-16 13:09:24,770 :INFO :clickonRecordstab :Clicked on Records Tab
2020-06-16 13:09:27,780 :INFO :test_clickrecordstab :Navigated to records Tab
2020-06-16 13:09:27,934 :ERROR :clickonorderreq :Message: invalid argument: 'value' must be a string
  (Session info: chrome=80.0.3987.149)
  (Driver info: chromedriver=2.44.609538 (b655c5a60b0b544917107a59d4153d4bf78e1b90),platform=Windows NT 10.0.17763 x86_64)

2020-06-16 13:25:54,806 :INFO :getusername :Username entered
2020-06-16 13:25:55,105 :INFO :getpassword :Password entered
2020-06-16 13:26:17,768 :INFO :signinbutton :Clicked on Sign in button
2020-06-16 13:26:20,781 :INFO :test_login :logged in successful
2020-06-16 13:26:23,063 :INFO :clickonRecordstab :Clicked on Records Tab
2020-06-16 13:26:26,069 :INFO :test_clickrecordstab :Navigated to records Tab
2020-06-16 13:26:26,410 :INFO :clickonorderreq :Clicked on 3PI Order Request
2020-06-16 13:43:01,190 :INFO :getusername :Username entered
2020-06-16 13:43:01,306 :INFO :getpassword :Password entered
2020-06-16 13:43:02,319 :INFO :signinbutton :Clicked on Sign in button
2020-06-16 13:43:17,604 :ERROR :clickonRecordstab :Message: chrome not reachable
  (Session info: chrome=80.0.3987.149)
  (Driver info: chromedriver=2.44.609538 (b655c5a60b0b544917107a59d4153d4bf78e1b90),platform=Windows NT 10.0.17763 x86_64)

2020-06-16 13:43:32,832 :ERROR :clickonorderreq :Message: chrome not reachable
  (Session info: chrome=80.0.3987.149)
  (Driver info: chromedriver=2.44.609538 (b655c5a60b0b544917107a59d4153d4bf78e1b90),platform=Windows NT 10.0.17763 x86_64)

2020-06-16 15:00:58,952 :INFO :getusername :Username entered
2020-06-16 15:00:59,245 :INFO :getpassword :Password entered
2020-06-16 15:01:08,498 :INFO :signinbutton :Clicked on Sign in button
2020-06-16 15:01:11,519 :INFO :test_login :logged in successful
2020-06-16 15:01:12,251 :INFO :clickonRecordstab :Clicked on Records Tab
2020-06-16 15:01:15,267 :INFO :test_clickrecordstab :Navigated to records Tab
2020-06-16 15:01:16,421 :INFO :clickonorderreq :Clicked on 3PI Order Request
2020-06-16 19:59:53,892 :INFO :getusername :Username entered
2020-06-16 19:59:54,026 :INFO :getpassword :Password entered
2020-06-16 20:00:02,005 :INFO :signinbutton :Clicked on Sign in button
2020-06-16 20:00:05,015 :INFO :test_login :logged in successful
2020-06-16 20:00:06,805 :INFO :clickonRecordstab :Clicked on Records Tab
2020-06-16 20:00:09,814 :INFO :test_clickrecordstab :Navigated to records Tab
2020-06-16 20:00:10,221 :INFO :clickonorderreq :Clicked on 3PI Order Request
2020-06-16 20:06:23,460 :ERROR :getusername :[Errno 2] No such file or directory: 'C:\\Users\\satheeshnair\\Desktop\\3PI\\testcases\\testdata\\Testdata.xlsx'
2020-06-16 20:06:23,542 :ERROR :getpassword :[Errno 2] No such file or directory: 'C:\\Users\\satheeshnair\\Desktop\\3PI\\testcases\\testdata\\Testdata.xlsx'
2020-06-16 20:06:24,813 :INFO :signinbutton :Clicked on Sign in button
2020-06-16 20:06:39,985 :ERROR :clickonRecordstab :Message: chrome not reachable
  (Session info: chrome=80.0.3987.149)
  (Driver info: chromedriver=2.44.609538 (b655c5a60b0b544917107a59d4153d4bf78e1b90),platform=Windows NT 10.0.17763 x86_64)

2020-06-16 20:06:55,129 :ERROR :clickonorderreq :Message: chrome not reachable
  (Session info: chrome=80.0.3987.149)
  (Driver info: chromedriver=2.44.609538 (b655c5a60b0b544917107a59d4153d4bf78e1b90),platform=Windows NT 10.0.17763 x86_64)

2020-06-16 20:08:08,075 :INFO :getusername :Username entered
2020-06-16 20:08:08,292 :INFO :getpassword :Password entered
2020-06-16 20:08:15,109 :INFO :signinbutton :Clicked on Sign in button
2020-06-16 20:08:18,234 :INFO :test_login :logged in successful
2020-06-16 20:08:18,703 :INFO :clickonRecordstab :Clicked on Records Tab
2020-06-16 20:08:21,707 :INFO :test_clickrecordstab :Navigated to records Tab
2020-06-16 20:08:22,067 :INFO :clickonorderreq :Clicked on 3PI Order Request
2020-06-16 20:17:03,749 :INFO :getusername :Username entered
2020-06-16 20:17:03,959 :INFO :getpassword :Password entered
2020-06-16 20:17:09,979 :INFO :signinbutton :Clicked on Sign in button
2020-06-16 20:17:13,087 :INFO :test_login :logged in successful
2020-06-16 20:17:13,789 :INFO :clickonRecordstab :Clicked on Records Tab
2020-06-16 20:17:16,797 :INFO :test_clickrecordstab :Navigated to records Tab
2020-06-16 20:17:42,673 :INFO :clickonorderreq :Clicked on 3PI Order Request
2020-06-16 20:18:26,153 :INFO :getusername :Username entered
2020-06-16 20:18:26,294 :INFO :getpassword :Password entered
2020-06-16 20:18:32,135 :INFO :signinbutton :Clicked on Sign in button
2020-06-16 20:18:35,242 :INFO :test_login :logged in successful
2020-06-16 20:18:35,927 :INFO :clickonRecordstab :Clicked on Records Tab
2020-06-16 20:18:38,933 :INFO :test_clickrecordstab :Navigated to records Tab
2020-06-16 20:18:39,260 :INFO :clickonorderreq :Clicked on 3PI Order Request
2020-06-16 20:20:03,993 :INFO :getusername :Username entered
2020-06-16 20:20:04,331 :INFO :getpassword :Password entered
2020-06-16 20:20:11,590 :INFO :signinbutton :Clicked on Sign in button
2020-06-16 20:20:14,598 :INFO :test_login :logged in successful
2020-06-16 20:20:14,938 :INFO :clickonRecordstab :Clicked on Records Tab
2020-06-16 20:20:17,944 :INFO :test_clickrecordstab :Navigated to records Tab
2020-06-16 20:20:18,331 :INFO :clickonorderreq :Clicked on 3PI Order Request
2020-06-22 11:54:02,729 :INFO :getusername :Username entered
2020-06-22 11:54:02,849 :INFO :getpassword :Password entered
2020-06-22 11:54:05,492 :INFO :signinbutton :Clicked on Sign in button
2020-06-22 11:54:08,498 :INFO :test_login :logged in failed
2020-06-22 11:54:08,803 :ERROR :clickonRecordstab :Message: no such element: Unable to locate element: {"method":"xpath","selector":"//div[contains(text(),'Records')]"}
  (Session info: chrome=80.0.3987.149)
  (Driver info: chromedriver=2.44.609538 (b655c5a60b0b544917107a59d4153d4bf78e1b90),platform=Windows NT 10.0.17763 x86_64)

2020-06-22 11:54:11,812 :INFO :test_clickrecordstab :failed to click on records tab
2020-06-22 11:54:11,971 :ERROR :clickonorderreq :Message: no such element: Unable to locate element: {"method":"xpath","selector":"(//*[@class='ContentLayout---content_layout ContentLayout---padding_less'])[2]"}
  (Session info: chrome=80.0.3987.149)
  (Driver info: chromedriver=2.44.609538 (b655c5a60b0b544917107a59d4153d4bf78e1b90),platform=Windows NT 10.0.17763 x86_64)

2020-06-22 12:40:07,051 :INFO :getusername :Username entered
2020-06-22 12:40:07,247 :INFO :getpassword :Password entered
2020-06-22 12:40:15,093 :INFO :signinbutton :Clicked on Sign in button
2020-06-22 12:40:18,201 :INFO :test_login :logged in successful
2020-06-22 12:40:18,527 :INFO :clickonRecordstab :Clicked on Records Tab
2020-06-22 12:40:21,532 :INFO :test_clickrecordstab :Navigated to records Tab
2020-06-22 12:40:21,815 :INFO :clickonorderreq :Clicked on 3PI Order Request
2020-06-22 13:28:20,950 :INFO :getusername :Username entered
2020-06-22 13:28:21,166 :INFO :getpassword :Password entered
2020-06-22 13:28:30,747 :INFO :signinbutton :Clicked on Sign in button
2020-06-22 13:28:34,352 :INFO :test_login :logged in successful
2020-06-22 13:28:35,285 :INFO :clickonRecordstab :Clicked on Records Tab
2020-06-22 13:28:38,291 :INFO :test_clickrecordstab :Navigated to records Tab
2020-06-22 13:28:38,598 :INFO :clickonorderreq :Clicked on 3PI Order Request
